[debug] [2019-11-25T18:52:52.224Z] ----------------------------------------------------------------------
[debug] [2019-11-25T18:52:52.226Z] Command:       C:\Program Files\nodejs\node.exe C:\Users\charles.lang\AppData\Roaming\npm\node_modules\firebase-tools\lib\bin\firebase.js login
[debug] [2019-11-25T18:52:52.226Z] CLI Version:   7.8.1
[debug] [2019-11-25T18:52:52.226Z] Platform:      win32
[debug] [2019-11-25T18:52:52.226Z] Node Version:  v10.16.3
[debug] [2019-11-25T18:52:52.227Z] Time:          Mon Nov 25 2019 11:52:52 GMT-0700 (Mountain Standard Time)
[debug] [2019-11-25T18:52:52.227Z] ----------------------------------------------------------------------
[debug] [2019-11-25T18:52:52.227Z] 
[info] i  Firebase optionally collects CLI usage and error reporting information to help improve our products. Data is collected in accordance with Google's privacy policy (https://policies.google.com/privacy) and is not used to identify you.

[info] 
[info] Visit this URL on this device to log in:
[info] https://accounts.google.com/o/oauth2/auth?client_id=563584335869-fgrhgmd47bqnekij5i8b5pr03ho849e6.apps.googleusercontent.com&scope=email%20openid%20https%3A%2F%2Fwww.googleapis.com%2Fauth%2Fcloudplatformprojects.readonly%20https%3A%2F%2Fwww.googleapis.com%2Fauth%2Ffirebase%20https%3A%2F%2Fwww.googleapis.com%2Fauth%2Fcloud-platform&response_type=code&state=676933352&redirect_uri=http%3A%2F%2Flocalhost%3A9005
[info] 
[info] Waiting for authentication...
[debug] [2019-11-25T18:53:11.951Z] >>> HTTP REQUEST POST https://accounts.google.com/o/oauth2/token  

[debug] [2019-11-25T18:53:12.000Z] Token Fetch Error: FirebaseError: Server Error. unable to get local issuer certificate
    at Request._callback (C:\Users\charles.lang\AppData\Roaming\npm\node_modules\firebase-tools\lib\api.js:30:31)
    at self.callback (C:\Users\charles.lang\AppData\Roaming\npm\node_modules\firebase-tools\node_modules\request\request.js:185:22)
    at Request.emit (events.js:198:13)
    at Request.EventEmitter.emit (domain.js:448:20)
    at Request.onRequestError (C:\Users\charles.lang\AppData\Roaming\npm\node_modules\firebase-tools\node_modules\request\request.js:881:8)
    at ClientRequest.emit (events.js:198:13)
    at ClientRequest.EventEmitter.emit (domain.js:448:20)
    at TLSSocket.socketErrorListener (_http_client.js:392:9)
    at TLSSocket.emit (events.js:198:13)
    at TLSSocket.EventEmitter.emit (domain.js:448:20)
    at emitErrorNT (internal/streams/destroy.js:91:8)
    at emitErrorAndCloseNT (internal/streams/destroy.js:59:3)
    at process._tickCallback (internal/process/next_tick.js:63:19)
[debug] [2019-11-25T18:53:31.262Z] ----------------------------------------------------------------------
[debug] [2019-11-25T18:53:31.264Z] Command:       C:\Program Files\nodejs\node.exe C:\Users\charles.lang\AppData\Roaming\npm\node_modules\firebase-tools\lib\bin\firebase.js login
[debug] [2019-11-25T18:53:31.264Z] CLI Version:   7.8.1
[debug] [2019-11-25T18:53:31.264Z] Platform:      win32
[debug] [2019-11-25T18:53:31.264Z] Node Version:  v10.16.3
[debug] [2019-11-25T18:53:31.266Z] Time:          Mon Nov 25 2019 11:53:31 GMT-0700 (Mountain Standard Time)
[debug] [2019-11-25T18:53:31.266Z] ----------------------------------------------------------------------
[debug] [2019-11-25T18:53:31.266Z] 
[info] i  Firebase optionally collects CLI usage and error reporting information to help improve our products. Data is collected in accordance with Google's privacy policy (https://policies.google.com/privacy) and is not used to identify you.

[info] 
[info] Visit this URL on this device to log in:
[info] https://accounts.google.com/o/oauth2/auth?client_id=563584335869-fgrhgmd47bqnekij5i8b5pr03ho849e6.apps.googleusercontent.com&scope=email%20openid%20https%3A%2F%2Fwww.googleapis.com%2Fauth%2Fcloudplatformprojects.readonly%20https%3A%2F%2Fwww.googleapis.com%2Fauth%2Ffirebase%20https%3A%2F%2Fwww.googleapis.com%2Fauth%2Fcloud-platform&response_type=code&state=760053886&redirect_uri=http%3A%2F%2Flocalhost%3A9005
[info] 
[info] Waiting for authentication...
[debug] [2019-11-25T18:53:40.153Z] >>> HTTP REQUEST POST https://accounts.google.com/o/oauth2/token  

[debug] [2019-11-25T18:53:40.202Z] Token Fetch Error: FirebaseError: Server Error. unable to get local issuer certificate
    at Request._callback (C:\Users\charles.lang\AppData\Roaming\npm\node_modules\firebase-tools\lib\api.js:30:31)
    at self.callback (C:\Users\charles.lang\AppData\Roaming\npm\node_modules\firebase-tools\node_modules\request\request.js:185:22)
    at Request.emit (events.js:198:13)
    at Request.EventEmitter.emit (domain.js:448:20)
    at Request.onRequestError (C:\Users\charles.lang\AppData\Roaming\npm\node_modules\firebase-tools\node_modules\request\request.js:881:8)
    at ClientRequest.emit (events.js:198:13)
    at ClientRequest.EventEmitter.emit (domain.js:448:20)
    at TLSSocket.socketErrorListener (_http_client.js:392:9)
    at TLSSocket.emit (events.js:198:13)
    at TLSSocket.EventEmitter.emit (domain.js:448:20)
    at emitErrorNT (internal/streams/destroy.js:91:8)
    at emitErrorAndCloseNT (internal/streams/destroy.js:59:3)
    at process._tickCallback (internal/process/next_tick.js:63:19)
